  Caps.cpp
D:\Source\Caps\Caps\Caps.cpp(181,6): error C2039: "renderwindow": не является членом "sf".
D:\Source\SFML-2.6.0\include\SFML\Graphics\VertexBuffer.hpp(37,11): message : см. объявление "sf"
D:\Source\Caps\Caps\Caps.cpp(181,19): error C2065: renderwindow: необъявленный идентификатор
D:\Source\Caps\Caps\Caps.cpp(181,19): error C2146: синтаксическая ошибка: отсутствие ";" перед идентификатором "window"
D:\Source\Caps\Caps\Caps.cpp(181,30): error C2039: "videomode": не является членом "sf".
D:\Source\SFML-2.6.0\include\SFML\Graphics\VertexBuffer.hpp(37,11): message : см. объявление "sf"
D:\Source\Caps\Caps\Caps.cpp(181,39): error C3861: videomode: идентификатор не найден
D:\Source\Caps\Caps\Caps.cpp(181,19): error C3861: window: идентификатор не найден
D:\Source\Caps\Caps\Caps.cpp(183,6): error C2039: "circleshape": не является членом "sf".
D:\Source\SFML-2.6.0\include\SFML\Graphics\VertexBuffer.hpp(37,11): message : см. объявление "sf"
D:\Source\Caps\Caps\Caps.cpp(183,18): error C2065: circleshape: необъявленный идентификатор
D:\Source\Caps\Caps\Caps.cpp(183,18): error C2146: синтаксическая ошибка: отсутствие ";" перед идентификатором "chip"
D:\Source\Caps\Caps\Caps.cpp(183,18): error C3861: chip: идентификатор не найден
D:\Source\Caps\Caps\Caps.cpp(184,2): error C2065: chip: необъявленный идентификатор
D:\Source\Caps\Caps\Caps.cpp(184,24): error C3083: color: символ слева от "::" должен представлять тип
D:\Source\Caps\Caps\Caps.cpp(184,31): error C2039: "green": не является членом "sf".
D:\Source\SFML-2.6.0\include\SFML\Graphics\VertexBuffer.hpp(37,11): message : см. объявление "sf"
D:\Source\Caps\Caps\Caps.cpp(184,36): error C2065: green: необъявленный идентификатор
D:\Source\Caps\Caps\Caps.cpp(185,2): error C2065: chip: необъявленный идентификатор
D:\Source\Caps\Caps\Caps.cpp(187,6): error C2039: "vector2f": не является членом "sf".
D:\Source\SFML-2.6.0\include\SFML\Graphics\VertexBuffer.hpp(37,11): message : см. объявление "sf"
D:\Source\Caps\Caps\Caps.cpp(187,15): error C2065: vector2f: необъявленный идентификатор
D:\Source\Caps\Caps\Caps.cpp(187,15): error C2146: синтаксическая ошибка: отсутствие ";" перед идентификатором "target"
D:\Source\Caps\Caps\Caps.cpp(187,15): error C3861: target: идентификатор не найден
D:\Source\Caps\Caps\Caps.cpp(191,9): error C2065: window: необъявленный идентификатор
D:\Source\Caps\Caps\Caps.cpp(193,7): error C2039: "event": не является членом "sf".
D:\Source\SFML-2.6.0\include\SFML\Graphics\VertexBuffer.hpp(37,11): message : см. объявление "sf"
D:\Source\Caps\Caps\Caps.cpp(193,13): error C2065: event: необъявленный идентификатор
D:\Source\Caps\Caps\Caps.cpp(193,13): error C2146: синтаксическая ошибка: отсутствие ";" перед идентификатором "event"
D:\Source\Caps\Caps\Caps.cpp(194,10): error C2065: window: необъявленный идентификатор
D:\Source\Caps\Caps\Caps.cpp(194,27): error C2065: event: необъявленный идентификатор
D:\Source\Caps\Caps\Caps.cpp(196,8): error C2065: event: необъявленный идентификатор
D:\Source\Caps\Caps\Caps.cpp(196,26): error C3083: event: символ слева от "::" должен представлять тип
D:\Source\Caps\Caps\Caps.cpp(196,33): error C2039: "closed": не является членом "sf".
D:\Source\SFML-2.6.0\include\SFML\Graphics\VertexBuffer.hpp(37,11): message : см. объявление "sf"
D:\Source\Caps\Caps\Caps.cpp(196,39): error C2065: closed: необъявленный идентификатор
D:\Source\Caps\Caps\Caps.cpp(197,5): error C2065: window: необъявленный идентификатор
D:\Source\Caps\Caps\Caps.cpp(199,8): error C2065: event: необъявленный идентификатор
D:\Source\Caps\Caps\Caps.cpp(199,26): error C3083: event: символ слева от "::" должен представлять тип
D:\Source\Caps\Caps\Caps.cpp(199,33): error C2039: "mousebuttonpressed": не является членом "sf".
D:\Source\SFML-2.6.0\include\SFML\Graphics\VertexBuffer.hpp(37,11): message : см. объявление "sf"
D:\Source\Caps\Caps\Caps.cpp(199): error C2065: mousebuttonpressed: необъявленный идентификатор
D:\Source\Caps\Caps\Caps.cpp(199,55): error C2065: event: необъявленный идентификатор
D:\Source\Caps\Caps\Caps.cpp(199,87): error C3083: mouse: символ слева от "::" должен представлять тип
D:\Source\Caps\Caps\Caps.cpp(199,94): error C2039: "left": не является членом "sf".
D:\Source\SFML-2.6.0\include\SFML\Graphics\VertexBuffer.hpp(37,11): message : см. объявление "sf"
D:\Source\Caps\Caps\Caps.cpp(201,9): error C2039: "vector2f": не является членом "sf".
D:\Source\SFML-2.6.0\include\SFML\Graphics\VertexBuffer.hpp(37,11): message : см. объявление "sf"
D:\Source\Caps\Caps\Caps.cpp(201,18): error C2065: vector2f: необъявленный идентификатор
D:\Source\Caps\Caps\Caps.cpp(201,18): error C2146: синтаксическая ошибка: отсутствие ";" перед идентификатором "mousepos"
D:\Source\Caps\Caps\Caps.cpp(201,31): error C3083: mouse: символ слева от "::" должен представлять тип
D:\Source\Caps\Caps\Caps.cpp(201,38): error C2039: "getposition": не является членом "sf".
D:\Source\SFML-2.6.0\include\SFML\Graphics\VertexBuffer.hpp(37,11): message : см. объявление "sf"
D:\Source\Caps\Caps\Caps.cpp(201,50): error C2065: window: необъявленный идентификатор
D:\Source\Caps\Caps\Caps.cpp(201,49): error C3861: getposition: идентификатор не найден
D:\Source\Caps\Caps\Caps.cpp(201,18): error C3861: mousepos: идентификатор не найден
D:\Source\Caps\Caps\Caps.cpp(202,9): error C2065: chip: необъявленный идентификатор
D:\Source\Caps\Caps\Caps.cpp(202,41): error C2065: mousepos: необъявленный идентификатор
D:\Source\Caps\Caps\Caps.cpp(205,6): error C2065: chip: необъявленный идентификатор
D:\Source\Caps\Caps\Caps.cpp(205,44): error C3083: color: символ слева от "::" должен представлять тип
D:\Source\Caps\Caps\Caps.cpp(205,51): error C2039: "yellow": не является членом "sf".
D:\Source\SFML-2.6.0\include\SFML\Graphics\VertexBuffer.hpp(37,11): message : см. объявление "sf"
D:\Source\Caps\Caps\Caps.cpp(205,58): error C2065: yellow: необъявленный идентификатор
D:\Source\Caps\Caps\Caps.cpp(205,64): error C3083: color: символ слева от "::" должен представлять тип
D:\Source\Caps\Caps\Caps.cpp(205,71): error C2039: "white": не является членом "sf".
D:\Source\SFML-2.6.0\include\SFML\Graphics\VertexBuffer.hpp(37,11): message : см. объявление "sf"
D:\Source\Caps\Caps\Caps.cpp(205,76): error C2065: white: необъявленный идентификатор
D:\Source\Caps\Caps\Caps.cpp(209,6): error C2065: target: необъявленный идентификатор
D:\Source\Caps\Caps\Caps.cpp(209,15): error C2065: mousepos: необъявленный идентификатор
D:\Source\Caps\Caps\Caps.cpp(217,8): error C2039: "vector2f": не является членом "sf".
D:\Source\SFML-2.6.0\include\SFML\Graphics\VertexBuffer.hpp(37,11): message : см. объявление "sf"
D:\Source\Caps\Caps\Caps.cpp(217,17): error C2065: vector2f: необъявленный идентификатор
D:\Source\Caps\Caps\Caps.cpp(217,17): error C2146: синтаксическая ошибка: отсутствие ";" перед идентификатором "direction"
D:\Source\Caps\Caps\Caps.cpp(217,17): error C2065: direction: необъявленный идентификатор
D:\Source\Caps\Caps\Caps.cpp(217,29): error C2065: target: необъявленный идентификатор
D:\Source\Caps\Caps\Caps.cpp(217,38): error C2065: chip: необъявленный идентификатор
D:\Source\Caps\Caps\Caps.cpp(218,29): error C2065: direction: необъявленный идентификатор
D:\Source\Caps\Caps\Caps.cpp(218,43): error C2065: direction: необъявленный идентификатор
D:\Source\Caps\Caps\Caps.cpp(218,57): error C2065: direction: необъявленный идентификатор
D:\Source\Caps\Caps\Caps.cpp(218,71): error C2065: direction: необъявленный идентификатор
D:\Source\Caps\Caps\Caps.cpp(221,5): error C2065: direction: необъявленный идентификатор
D:\Source\Caps\Caps\Caps.cpp(222,5): error C2065: chip: необъявленный идентификатор
D:\Source\Caps\Caps\Caps.cpp(222,15): error C2065: direction: необъявленный идентификатор
D:\Source\Caps\Caps\Caps.cpp(226,5): error C2065: chip: необъявленный идентификатор
D:\Source\Caps\Caps\Caps.cpp(226,22): error C2065: target: необъявленный идентификатор
D:\Source\Caps\Caps\Caps.cpp(229,5): error C2065: chip: необъявленный идентификатор
D:\Source\Caps\Caps\Caps.cpp(229,30): error C3083: color: символ слева от "::" должен представлять тип
D:\Source\Caps\Caps\Caps.cpp(229,37): error C2039: "white": не является членом "sf".
D:\Source\SFML-2.6.0\include\SFML\Graphics\VertexBuffer.hpp(37,11): message : см. объявление "sf"
D:\Source\Caps\Caps\Caps.cpp(229,42): error C2065: white: необъявленный идентификатор
D:\Source\Caps\Caps\Caps.cpp(233,3): error C2065: window: необъявленный идентификатор
D:\Source\Caps\Caps\Caps.cpp(233,20): error C3083: color: символ слева от "::" должен представлять тип
D:\Source\Caps\Caps\Caps.cpp(233,27): error C2039: "white": не является членом "sf".
D:\Source\SFML-2.6.0\include\SFML\Graphics\VertexBuffer.hpp(37,11): message : см. объявление "sf"
D:\Source\Caps\Caps\Caps.cpp(233,32): error C2065: white: необъявленный идентификатор
D:\Source\Caps\Caps\Caps.cpp(234,3): error C2065: window: необъявленный идентификатор
D:\Source\Caps\Caps\Caps.cpp(234,15): error C2065: chip: необъявленный идентификатор
D:\Source\Caps\Caps\Caps.cpp(235,3): error C2065: window: необъявленный идентификатор
